\BOOKMARK [1][-]{section.1}{\376\377\000I\000n\000t\000r\000o\000d\000u\000c\000t\000i\000o\000n}{}% 1
\BOOKMARK [2][-]{subsection.1.1}{\376\377\000C\000o\000n\000t\000e\000x\000t\000e\000\040\000e\000t\000\040\000O\000b\000j\000e\000c\000t\000i\000f}{section.1}% 2
\BOOKMARK [2][-]{subsection.1.2}{\376\377\000I\000n\000t\000r\000o\000d\000u\000c\000t\000i\000o\000n\000\040\000a\000u\000\040\000v\000e\000r\000r\000o\000u\000i\000l\000l\000a\000g\000e\000\040\000d\000e\000\040\000f\000i\000c\000h\000i\000e\000r\000s}{section.1}% 3
\BOOKMARK [1][-]{section.2}{\376\377\000R\000a\000p\000p\000e\000l\000\040\000:\000\040\000f\000i\000l\000e\000\040\000l\000o\000c\000k\000i\000n\000g\000\040\000v\000s\000\040\000s\000\351\000m\000a\000p\000h\000o\000r\000e\000s}{}% 4
\BOOKMARK [2][-]{subsection.2.1}{\376\377\000F\000i\000l\000e\000\040\000l\000o\000c\000k\000i\000n\000g\000d\000i\000f\000f\000S\000e\000m\000L\000o\000c\000k}{section.2}% 5
\BOOKMARK [2][-]{subsection.2.2}{\376\377\000S\000\351\000m\000a\000p\000h\000o\000r\000e\000s\000d\000i\000f\000f\000S\000e\000m\000L\000o\000c\000k\0002}{section.2}% 6
\BOOKMARK [2][-]{subsection.2.3}{\376\377\000E\000n\000\040\000c\000o\000m\000p\000a\000r\000a\000i\000s\000o\000n}{section.2}% 7
\BOOKMARK [1][-]{section.3}{\376\377\000L\000'\000a\000c\000c\000\350\000s\000\040\000c\000o\000n\000c\000u\000r\000r\000e\000n\000c\000e\000\040\000:\000\040\000u\000n\000e\000\040\000n\000o\000r\000m\000e\000\040\000q\000u\000i\000\040\000n\000'\000a\000\040\000p\000a\000s\000\040\000t\000o\000u\000j\000o\000u\000r\000s\000\040\000\351\000t\000\351\000\040\000r\000e\000s\000p\000e\000c\000t\000\351\000e}{}% 8
\BOOKMARK [1][-]{section.4}{\376\377\000L\000e\000s\000\040\000t\000y\000p\000e\000s\000\040\000d\000e\000\040\000v\000e\000r\000r\000o\000u\000i\000l\000l\000a\000g\000e\000s\000b\000u\000t\000e\000n\000h\000o\000f}{}% 9
\BOOKMARK [2][-]{subsection.4.1}{\376\377\000V\000i\000s\000u\000a\000l\000i\000s\000e\000r\000\040\000t\000o\000u\000s\000\040\000l\000e\000s\000\040\000v\000e\000r\000r\000o\000u\000s\000\040\000d\000'\000u\000n\000\040\000s\000y\000s\000t\000\350\000m\000e\000\040\000L\000i\000n\000u\000x}{section.4}% 10
\BOOKMARK [2][-]{subsection.4.2}{\376\377\000A\000d\000v\000i\000s\000o\000r\000y\000\040\000L\000o\000c\000k\000s}{section.4}% 11
\BOOKMARK [2][-]{subsection.4.3}{\376\377\000M\000a\000n\000d\000a\000t\000o\000r\000y\000\040\000L\000o\000c\000k\000s}{section.4}% 12
\BOOKMARK [2][-]{subsection.4.4}{\376\377\000L\000'\000o\000u\000t\000p\000u\000t\000\040\000d\000e\000\040\000l\000s\000l\000o\000c\000k\000s}{section.4}% 13
\BOOKMARK [1][-]{section.5}{\376\377\000L\000a\000\040\000p\000r\000i\000s\000e\000\040\000e\000n\000\040\000c\000h\000a\000r\000g\000e\000\040\000p\000a\000r\000\040\000l\000'\000O\000S}{}% 14
\BOOKMARK [2][-]{subsection.5.1}{\376\377\000L\000a\000\040\000s\000t\000r\000u\000c\000t\000u\000r\000e\000\040\000f\000l\000o\000c\000k}{section.5}% 15
\BOOKMARK [2][-]{subsection.5.2}{\376\377\000L\000'\000a\000p\000p\000e\000l\000\040\000s\000y\000s\000t\000\350\000m\000e\000\040\000f\000c\000n\000t\000l\000\050\000\051\000\040\000a\000u\000\040\000n\000i\000v\000e\000a\000u\000\040\000d\000e\000\040\000l\000'\000O\000S\000M\000a\000n\000F\000n\000c\000t\000l}{section.5}% 16
\BOOKMARK [1][-]{section.6}{\376\377\000L\000'\000i\000m\000p\000l\000\351\000m\000e\000n\000t\000a\000t\000i\000o\000n\000\040\000d\000e\000s\000\040\000v\000e\000r\000r\000o\000u\000s}{}% 17
\BOOKMARK [2][-]{subsection.6.1}{\376\377\000G\000e\000s\000t\000i\000o\000n\000\040\000d\000'\000u\000n\000e\000\040\000r\000\351\000g\000i\000o\000n\000\040\000c\000r\000i\000t\000i\000q\000u\000e\000\040\000g\000r\000\342\000c\000e\000\040\000\340\000\040\000u\000n\000\040\000v\000e\000r\000r\000o\000u\000i\000l\000l\000a\000g\000e}{section.6}% 18
\BOOKMARK [2][-]{subsection.6.2}{\376\377\000C\000o\000m\000p\000a\000r\000a\000i\000s\000o\000n\000\040\000a\000v\000e\000c\000\040\000u\000n\000\040\000s\000\351\000m\000a\000p\000h\000o\000r\000e}{section.6}% 19
\BOOKMARK [2][-]{subsection.6.3}{\376\377\000L\000e\000s\000\040\000d\000i\000f\000f\000\351\000r\000e\000n\000c\000e\000s\000\040\000e\000n\000t\000r\000e\000\040\000c\000e\000s\000\040\0002\000\040\000m\000a\000n\000i\000\350\000r\000e\000s}{section.6}% 20
\BOOKMARK [1][-]{section.7}{\376\377\000C\000o\000n\000c\000l\000u\000s\000i\000o\000n}{}% 21
